-------------------------------------------------------------------------------
Test set: es.uma.informatica.practica3.Practica3ApplicationTests$BaseDatosVacia
-------------------------------------------------------------------------------
Tests run: 3, Failures: 0, Errors: 0, Skipped: 0, Time elapsed: 10.18 s - in es.uma.informatica.practica3.Practica3ApplicationTests$BaseDatosVacia
es.uma.informatica.practica3.Practica3ApplicationTests$BaseDatosVacia.modificarDietaInexistente  Time elapsed: 1.089 s
es.uma.informatica.practica3.Practica3ApplicationTests$BaseDatosVacia.devuelveLista  Time elapsed: 0.038 s
es.uma.informatica.practica3.Practica3ApplicationTests$BaseDatosVacia.errorAlObtenerDietaConcreta  Time elapsed: 0.047 s
