<?xml version="1.0" encoding="UTF-8"?>
<testsuite xmlns:xsi="http://www.w3.org/2001/XMLSchema-instance" xsi:noNamespaceSchemaLocation="https://maven.apache.org/surefire/maven-surefire-plugin/xsd/surefire-test-report-3.0.xsd" version="3.0" name="es.uma.informatica.practica3.Practica3ApplicationTests$BaseDatosVacia" time="16.786" tests="3" errors="0" skipped="0" failures="0">
  <properties>
[...]
</properties>
  <testcase name="errorGetSesion" classname="es.uma.informatica.practica3.Practica3ApplicationTests$BaseDatosVacia" time="1.107">
    <system-out><![CDATA[17:24:45.659 [main] INFO org.springframework.test.context.support.AnnotationConfigContextLoaderUtils -- Could not detect default configuration classes for test class [es.uma.informatica.practica3.Practica3ApplicationTests]: Practica3ApplicationTests does not declare any static, non-private, non-final, nested classes annotated with @Configuration.
17:24:46.052 [main] INFO org.springframework.boot.test.context.SpringBootTestContextBootstrapper -- Found @SpringBootConfiguration es.uma.informatica.practica3.Practica3Application for test class es.uma.informatica.practica3.Practica3ApplicationTests
17:24:46.912 [main] INFO org.springframework.test.context.support.AnnotationConfigContextLoaderUtils -- Could not detect default configuration classes for test class [es.uma.informatica.practica3.Practica3ApplicationTests$BaseDatosVacia]: BaseDatosVacia does not declare any static, non-private, non-final, nested classes annotated with @Configuration.
17:24:46.922 [main] INFO org.springframework.boot.test.context.SpringBootTestContextBootstrapper -- Found @SpringBootConfiguration es.uma.informatica.practica3.Practica3Application for test class es.uma.informatica.practica3.Practica3ApplicationTests$BaseDatosVacia

  .   ____          _            __ _ _
 /\\ / ___'_ __ _ _(_)_ __  __ _ \ \ \ \
( ( )\___ | '_ | '_| | '_ \/ _` | \ \ \ \
 \\/  ___)| |_)| | | | | || (_| |  ) ) ) )
  '  |____| .__|_| |_|_| |_\__, | / / / /
 =========|_|==============|___/=/_/_/_/
 :: Spring Boot ::                (v3.2.5)

2024-05-26T17:24:50.611+02:00  INFO 15472 --- [           main] e.u.i.p.Practica3ApplicationTests        : Starting Practica3ApplicationTests using Java 21.0.2 with PID 15472 (started by juand in C:\Users\juand\OneDrive\Documentos\GitHub\ciklum-bytebandits\entidades)
2024-05-26T17:24:50.618+02:00  INFO 15472 --- [           main] e.u.i.p.Practica3ApplicationTests        : No active profile set, falling back to 1 default profile: "default"
2024-05-26T17:24:52.432+02:00  INFO 15472 --- [           main] .s.d.r.c.RepositoryConfigurationDelegate : Bootstrapping Spring Data JPA repositories in DEFAULT mode.
2024-05-26T17:24:52.602+02:00  INFO 15472 --- [           main] .s.d.r.c.RepositoryConfigurationDelegate : Finished Spring Data repository scanning in 147 ms. Found 1 JPA repository interface.
2024-05-26T17:24:53.988+02:00  INFO 15472 --- [           main] o.s.b.w.embedded.tomcat.TomcatWebServer  : Tomcat initialized with port 0 (http)
2024-05-26T17:24:54.023+02:00  INFO 15472 --- [           main] o.apache.catalina.core.StandardService   : Starting service [Tomcat]
2024-05-26T17:24:54.023+02:00  INFO 15472 --- [           main] o.apache.catalina.core.StandardEngine    : Starting Servlet engine: [Apache Tomcat/10.1.20]
2024-05-26T17:24:54.179+02:00  INFO 15472 --- [           main] o.a.c.c.C.[Tomcat].[localhost].[/]       : Initializing Spring embedded WebApplicationContext
2024-05-26T17:24:54.187+02:00  INFO 15472 --- [           main] w.s.c.ServletWebServerApplicationContext : Root WebApplicationContext: initialization completed in 3514 ms
2024-05-26T17:24:54.295+02:00  INFO 15472 --- [           main] com.zaxxer.hikari.HikariDataSource       : HikariPool-1 - Starting...
2024-05-26T17:24:54.967+02:00  INFO 15472 --- [           main] com.zaxxer.hikari.pool.HikariPool        : HikariPool-1 - Added connection conn0: url=jdbc:h2:mem:test user=SA
2024-05-26T17:24:54.971+02:00  INFO 15472 --- [           main] com.zaxxer.hikari.HikariDataSource       : HikariPool-1 - Start completed.
2024-05-26T17:24:54.994+02:00  INFO 15472 --- [           main] o.s.b.a.h2.H2ConsoleAutoConfiguration    : H2 console available at '/h2-console'. Database available at 'jdbc:h2:mem:test'
2024-05-26T17:24:55.356+02:00  INFO 15472 --- [           main] o.hibernate.jpa.internal.util.LogHelper  : HHH000204: Processing PersistenceUnitInfo [name: default]
2024-05-26T17:24:55.484+02:00  INFO 15472 --- [           main] org.hibernate.Version                    : HHH000412: Hibernate ORM core version 6.4.4.Final
2024-05-26T17:24:55.574+02:00  INFO 15472 --- [           main] o.h.c.internal.RegionFactoryInitiator    : HHH000026: Second-level cache disabled
2024-05-26T17:24:55.883+02:00  INFO 15472 --- [           main] o.s.o.j.p.SpringPersistenceUnitInfo      : No LoadTimeWeaver setup: ignoring JPA class transformer
2024-05-26T17:24:55.979+02:00  WARN 15472 --- [           main] org.hibernate.orm.deprecation            : HHH90000025: H2Dialect does not need to be specified explicitly using 'hibernate.dialect' (remove the property setting and it will be selected by default)
2024-05-26T17:24:57.711+02:00  INFO 15472 --- [           main] o.h.e.t.j.p.i.JtaPlatformInitiator       : HHH000489: No JTA platform available (set 'hibernate.transaction.jta.platform' to enable JTA platform integration)
2024-05-26T17:24:57.871+02:00  INFO 15472 --- [           main] j.LocalContainerEntityManagerFactoryBean : Initialized JPA EntityManagerFactory for persistence unit 'default'
2024-05-26T17:24:58.339+02:00  INFO 15472 --- [           main] o.s.d.j.r.query.QueryEnhancerFactory     : Hibernate is in classpath; If applicable, HQL parser will be used.
2024-05-26T17:24:59.474+02:00  WARN 15472 --- [           main] JpaBaseConfiguration$JpaWebConfiguration : spring.jpa.open-in-view is enabled by default. Therefore, database queries may be performed during view rendering. Explicitly configure spring.jpa.open-in-view to disable this warning
2024-05-26T17:24:59.505+02:00  WARN 15472 --- [           main] .s.s.UserDetailsServiceAutoConfiguration : 

Using generated security password: 37a7483f-2615-45f7-aa94-f0ea47deda66

This generated password is for development use only. Your security configuration must be updated before running your application in production.

2024-05-26T17:25:00.167+02:00  INFO 15472 --- [           main] o.s.s.web.DefaultSecurityFilterChain     : Will secure any request with [org.springframework.security.web.session.DisableEncodeUrlFilter@18108ddb, org.springframework.security.web.context.request.async.WebAsyncManagerIntegrationFilter@5ba1be19, org.springframework.security.web.context.SecurityContextHolderFilter@4cf6bf0, org.springframework.security.web.header.HeaderWriterFilter@6666de68, org.springframework.web.filter.CorsFilter@56e9cbee, org.springframework.security.web.authentication.logout.LogoutFilter@66d258cc, es.uma.informatica.practica3.security.JwtRequestFilter@420e2daa, org.springframework.security.web.savedrequest.RequestCacheAwareFilter@5a77dbb3, org.springframework.security.web.servletapi.SecurityContextHolderAwareRequestFilter@428454cb, org.springframework.security.web.authentication.AnonymousAuthenticationFilter@2187d7ac, org.springframework.security.web.session.SessionManagementFilter@21033aa7, org.springframework.security.web.access.ExceptionTranslationFilter@4e729324, org.springframework.security.web.access.intercept.FilterSecurityInterceptor@3a1f6ec5]
2024-05-26T17:25:00.563+02:00  INFO 15472 --- [           main] o.s.b.w.embedded.tomcat.TomcatWebServer  : Tomcat started on port 50061 (http) with context path ''
2024-05-26T17:25:00.578+02:00  INFO 15472 --- [           main] e.u.i.p.Practica3ApplicationTests        : Started Practica3ApplicationTests in 10.928 seconds (process running for 17.443)
2024-05-26T17:25:01.148+02:00  INFO 15472 --- [o-auto-1-exec-1] o.a.c.c.C.[Tomcat].[localhost].[/]       : Initializing Spring DispatcherServlet 'dispatcherServlet'
2024-05-26T17:25:01.148+02:00  INFO 15472 --- [o-auto-1-exec-1] o.s.web.servlet.DispatcherServlet        : Initializing Servlet 'dispatcherServlet'
2024-05-26T17:25:01.148+02:00  INFO 15472 --- [o-auto-1-exec-1] o.s.web.servlet.DispatcherServlet        : Completed initialization in 0 ms
2024-05-26T17:25:01.249+02:00  INFO 15472 --- [o-auto-1-exec-1] e.u.i.p.security.JwtRequestFilter        : usuario = 1
2024-05-26T17:25:01.665+02:00  INFO 15472 --- [           main] j.LocalContainerEntityManagerFactoryBean : Closing JPA EntityManagerFactory for persistence unit 'default'
2024-05-26T17:25:01.675+02:00  INFO 15472 --- [           main] com.zaxxer.hikari.HikariDataSource       : HikariPool-1 - Shutdown initiated...
2024-05-26T17:25:01.681+02:00  INFO 15472 --- [           main] com.zaxxer.hikari.HikariDataSource       : HikariPool-1 - Shutdown completed.
]]></system-out>
    <system-err><![CDATA[WARNING: A Java agent has been loaded dynamically (C:\Users\juand\.m2\repository\net\bytebuddy\byte-buddy-agent\1.14.13\byte-buddy-agent-1.14.13.jar)
WARNING: If a serviceability tool is in use, please run with -XX:+EnableDynamicAgentLoading to hide this warning
WARNING: If a serviceability tool is not in use, please run with -Djdk.instrument.traceUsage for more information
WARNING: Dynamic loading of agents will be disallowed by default in a future release
]]></system-err>
  </testcase>
  <testcase name="errorDeleteSesion" classname="es.uma.informatica.practica3.Practica3ApplicationTests$BaseDatosVacia" time="0.084">
    <system-out><![CDATA[
  .   ____          _            __ _ _
 /\\ / ___'_ __ _ _(_)_ __  __ _ \ \ \ \
( ( )\___ | '_ | '_| | '_ \/ _` | \ \ \ \
 \\/  ___)| |_)| | | | | || (_| |  ) ) ) )
  '  |____| .__|_| |_|_| |_\__, | / / / /
 =========|_|==============|___/=/_/_/_/
 :: Spring Boot ::                (v3.2.5)

2024-05-26T17:25:01.755+02:00  INFO 15472 --- [           main] e.u.i.p.Practica3ApplicationTests        : Starting Practica3ApplicationTests using Java 21.0.2 with PID 15472 (started by juand in C:\Users\juand\OneDrive\Documentos\GitHub\ciklum-bytebandits\entidades)
2024-05-26T17:25:01.755+02:00  INFO 15472 --- [           main] e.u.i.p.Practica3ApplicationTests        : No active profile set, falling back to 1 default profile: "default"
2024-05-26T17:25:01.993+02:00  INFO 15472 --- [           main] .s.d.r.c.RepositoryConfigurationDelegate : Bootstrapping Spring Data JPA repositories in DEFAULT mode.
2024-05-26T17:25:02.009+02:00  INFO 15472 --- [           main] .s.d.r.c.RepositoryConfigurationDelegate : Finished Spring Data repository scanning in 13 ms. Found 1 JPA repository interface.
2024-05-26T17:25:02.131+02:00  INFO 15472 --- [           main] o.s.b.w.embedded.tomcat.TomcatWebServer  : Tomcat initialized with port 0 (http)
2024-05-26T17:25:02.131+02:00  INFO 15472 --- [           main] o.apache.catalina.core.StandardService   : Starting service [Tomcat]
2024-05-26T17:25:02.131+02:00  INFO 15472 --- [           main] o.apache.catalina.core.StandardEngine    : Starting Servlet engine: [Apache Tomcat/10.1.20]
2024-05-26T17:25:02.170+02:00  INFO 15472 --- [           main] o.a.c.c.C.[Tomcat].[localhost].[/]       : Initializing Spring embedded WebApplicationContext
2024-05-26T17:25:02.170+02:00  INFO 15472 --- [           main] w.s.c.ServletWebServerApplicationContext : Root WebApplicationContext: initialization completed in 406 ms
2024-05-26T17:25:02.191+02:00  INFO 15472 --- [           main] com.zaxxer.hikari.HikariDataSource       : HikariPool-2 - Starting...
2024-05-26T17:25:02.201+02:00  INFO 15472 --- [           main] com.zaxxer.hikari.pool.HikariPool        : HikariPool-2 - Added connection conn10: url=jdbc:h2:mem:test user=SA
2024-05-26T17:25:02.201+02:00  INFO 15472 --- [           main] com.zaxxer.hikari.HikariDataSource       : HikariPool-2 - Start completed.
2024-05-26T17:25:02.201+02:00  INFO 15472 --- [           main] o.s.b.a.h2.H2ConsoleAutoConfiguration    : H2 console available at '/h2-console'. Database available at 'jdbc:h2:mem:test'
2024-05-26T17:25:02.238+02:00  INFO 15472 --- [           main] o.hibernate.jpa.internal.util.LogHelper  : HHH000204: Processing PersistenceUnitInfo [name: default]
2024-05-26T17:25:02.238+02:00  INFO 15472 --- [           main] o.h.c.internal.RegionFactoryInitiator    : HHH000026: Second-level cache disabled
2024-05-26T17:25:02.248+02:00  INFO 15472 --- [           main] o.s.o.j.p.SpringPersistenceUnitInfo      : No LoadTimeWeaver setup: ignoring JPA class transformer
2024-05-26T17:25:02.248+02:00  WARN 15472 --- [           main] org.hibernate.orm.deprecation            : HHH90000025: H2Dialect does not need to be specified explicitly using 'hibernate.dialect' (remove the property setting and it will be selected by default)
2024-05-26T17:25:02.346+02:00  INFO 15472 --- [           main] o.h.e.t.j.p.i.JtaPlatformInitiator       : HHH000489: No JTA platform available (set 'hibernate.transaction.jta.platform' to enable JTA platform integration)
2024-05-26T17:25:02.350+02:00  INFO 15472 --- [           main] j.LocalContainerEntityManagerFactoryBean : Initialized JPA EntityManagerFactory for persistence unit 'default'
2024-05-26T17:25:02.433+02:00  WARN 15472 --- [           main] JpaBaseConfiguration$JpaWebConfiguration : spring.jpa.open-in-view is enabled by default. Therefore, database queries may be performed during view rendering. Explicitly configure spring.jpa.open-in-view to disable this warning
2024-05-26T17:25:02.448+02:00  WARN 15472 --- [           main] .s.s.UserDetailsServiceAutoConfiguration : 

Using generated security password: ff02c598-f30e-4e3e-b801-4b0c75c7c6f4

This generated password is for development use only. Your security configuration must be updated before running your application in production.

2024-05-26T17:25:02.532+02:00  INFO 15472 --- [           main] o.s.s.web.DefaultSecurityFilterChain     : Will secure any request with [org.springframework.security.web.session.DisableEncodeUrlFilter@121d040, org.springframework.security.web.context.request.async.WebAsyncManagerIntegrationFilter@36edfa94, org.springframework.security.web.context.SecurityContextHolderFilter@33d35a95, org.springframework.security.web.header.HeaderWriterFilter@69237aa7, org.springframework.web.filter.CorsFilter@3cee8415, org.springframework.security.web.authentication.logout.LogoutFilter@27d51587, es.uma.informatica.practica3.security.JwtRequestFilter@3760ab0, org.springframework.security.web.savedrequest.RequestCacheAwareFilter@302e5dfc, org.springframework.security.web.servletapi.SecurityContextHolderAwareRequestFilter@422aef1c, org.springframework.security.web.authentication.AnonymousAuthenticationFilter@29a0c6c2, org.springframework.security.web.session.SessionManagementFilter@5f8263fd, org.springframework.security.web.access.ExceptionTranslationFilter@f019fec, org.springframework.security.web.access.intercept.FilterSecurityInterceptor@2e4499ad]
2024-05-26T17:25:02.641+02:00  INFO 15472 --- [           main] o.s.b.w.embedded.tomcat.TomcatWebServer  : Tomcat started on port 50064 (http) with context path ''
2024-05-26T17:25:02.641+02:00  INFO 15472 --- [           main] e.u.i.p.Practica3ApplicationTests        : Started Practica3ApplicationTests in 0.93 seconds (process running for 19.508)
2024-05-26T17:25:02.681+02:00  INFO 15472 --- [o-auto-2-exec-1] o.a.c.c.C.[Tomcat].[localhost].[/]       : Initializing Spring DispatcherServlet 'dispatcherServlet'
2024-05-26T17:25:02.681+02:00  INFO 15472 --- [o-auto-2-exec-1] o.s.web.servlet.DispatcherServlet        : Initializing Servlet 'dispatcherServlet'
2024-05-26T17:25:02.681+02:00  INFO 15472 --- [o-auto-2-exec-1] o.s.web.servlet.DispatcherServlet        : Completed initialization in 0 ms
2024-05-26T17:25:02.689+02:00  INFO 15472 --- [o-auto-2-exec-1] e.u.i.p.security.JwtRequestFilter        : usuario = 1
2024-05-26T17:25:02.722+02:00  INFO 15472 --- [           main] j.LocalContainerEntityManagerFactoryBean : Closing JPA EntityManagerFactory for persistence unit 'default'
2024-05-26T17:25:02.731+02:00  INFO 15472 --- [           main] com.zaxxer.hikari.HikariDataSource       : HikariPool-2 - Shutdown initiated...
2024-05-26T17:25:02.735+02:00  INFO 15472 --- [           main] com.zaxxer.hikari.HikariDataSource       : HikariPool-2 - Shutdown completed.
]]></system-out>
  </testcase>
  <testcase name="errorPutSesion" classname="es.uma.informatica.practica3.Practica3ApplicationTests$BaseDatosVacia" time="0.081">
    <system-out><![CDATA[
  .   ____          _            __ _ _
 /\\ / ___'_ __ _ _(_)_ __  __ _ \ \ \ \
( ( )\___ | '_ | '_| | '_ \/ _` | \ \ \ \
 \\/  ___)| |_)| | | | | || (_| |  ) ) ) )
  '  |____| .__|_| |_|_| |_\__, | / / / /
 =========|_|==============|___/=/_/_/_/
 :: Spring Boot ::                (v3.2.5)

2024-05-26T17:25:02.798+02:00  INFO 15472 --- [           main] e.u.i.p.Practica3ApplicationTests        : Starting Practica3ApplicationTests using Java 21.0.2 with PID 15472 (started by juand in C:\Users\juand\OneDrive\Documentos\GitHub\ciklum-bytebandits\entidades)
2024-05-26T17:25:02.798+02:00  INFO 15472 --- [           main] e.u.i.p.Practica3ApplicationTests        : No active profile set, falling back to 1 default profile: "default"
2024-05-26T17:25:03.035+02:00  INFO 15472 --- [           main] .s.d.r.c.RepositoryConfigurationDelegate : Bootstrapping Spring Data JPA repositories in DEFAULT mode.
2024-05-26T17:25:03.051+02:00  INFO 15472 --- [           main] .s.d.r.c.RepositoryConfigurationDelegate : Finished Spring Data repository scanning in 11 ms. Found 1 JPA repository interface.
2024-05-26T17:25:03.154+02:00  INFO 15472 --- [           main] o.s.b.w.embedded.tomcat.TomcatWebServer  : Tomcat initialized with port 0 (http)
2024-05-26T17:25:03.154+02:00  INFO 15472 --- [           main] o.apache.catalina.core.StandardService   : Starting service [Tomcat]
2024-05-26T17:25:03.154+02:00  INFO 15472 --- [           main] o.apache.catalina.core.StandardEngine    : Starting Servlet engine: [Apache Tomcat/10.1.20]
2024-05-26T17:25:03.198+02:00  INFO 15472 --- [           main] o.a.c.c.C.[Tomcat].[localhost].[/]       : Initializing Spring embedded WebApplicationContext
2024-05-26T17:25:03.198+02:00  INFO 15472 --- [           main] w.s.c.ServletWebServerApplicationContext : Root WebApplicationContext: initialization completed in 396 ms
2024-05-26T17:25:03.220+02:00  INFO 15472 --- [           main] com.zaxxer.hikari.HikariDataSource       : HikariPool-3 - Starting...
2024-05-26T17:25:03.220+02:00  INFO 15472 --- [           main] com.zaxxer.hikari.pool.HikariPool        : HikariPool-3 - Added connection conn20: url=jdbc:h2:mem:test user=SA
2024-05-26T17:25:03.220+02:00  INFO 15472 --- [           main] com.zaxxer.hikari.HikariDataSource       : HikariPool-3 - Start completed.
2024-05-26T17:25:03.220+02:00  INFO 15472 --- [           main] o.s.b.a.h2.H2ConsoleAutoConfiguration    : H2 console available at '/h2-console'. Database available at 'jdbc:h2:mem:test'
2024-05-26T17:25:03.253+02:00  INFO 15472 --- [           main] o.hibernate.jpa.internal.util.LogHelper  : HHH000204: Processing PersistenceUnitInfo [name: default]
2024-05-26T17:25:03.253+02:00  INFO 15472 --- [           main] o.h.c.internal.RegionFactoryInitiator    : HHH000026: Second-level cache disabled
2024-05-26T17:25:03.268+02:00  INFO 15472 --- [           main] o.s.o.j.p.SpringPersistenceUnitInfo      : No LoadTimeWeaver setup: ignoring JPA class transformer
2024-05-26T17:25:03.273+02:00  WARN 15472 --- [           main] org.hibernate.orm.deprecation            : HHH90000025: H2Dialect does not need to be specified explicitly using 'hibernate.dialect' (remove the property setting and it will be selected by default)
2024-05-26T17:25:03.337+02:00  INFO 15472 --- [           main] o.h.e.t.j.p.i.JtaPlatformInitiator       : HHH000489: No JTA platform available (set 'hibernate.transaction.jta.platform' to enable JTA platform integration)
2024-05-26T17:25:03.345+02:00  INFO 15472 --- [           main] j.LocalContainerEntityManagerFactoryBean : Initialized JPA EntityManagerFactory for persistence unit 'default'
2024-05-26T17:25:03.408+02:00  WARN 15472 --- [           main] JpaBaseConfiguration$JpaWebConfiguration : spring.jpa.open-in-view is enabled by default. Therefore, database queries may be performed during view rendering. Explicitly configure spring.jpa.open-in-view to disable this warning
2024-05-26T17:25:03.415+02:00  WARN 15472 --- [           main] .s.s.UserDetailsServiceAutoConfiguration : 

Using generated security password: 4191f3b7-c666-4caa-8c82-3abc17d85c73

This generated password is for development use only. Your security configuration must be updated before running your application in production.

2024-05-26T17:25:03.489+02:00  INFO 15472 --- [           main] o.s.s.web.DefaultSecurityFilterChain     : Will secure any request with [org.springframework.security.web.session.DisableEncodeUrlFilter@77b8b32e, org.springframework.security.web.context.request.async.WebAsyncManagerIntegrationFilter@1d8362f6, org.springframework.security.web.context.SecurityContextHolderFilter@171198f2, org.springframework.security.web.header.HeaderWriterFilter@5e947d91, org.springframework.web.filter.CorsFilter@19b7beaf, org.springframework.security.web.authentication.logout.LogoutFilter@3f0cc2d9, es.uma.informatica.practica3.security.JwtRequestFilter@5a10babe, org.springframework.security.web.savedrequest.RequestCacheAwareFilter@534c6596, org.springframework.security.web.servletapi.SecurityContextHolderAwareRequestFilter@2ec9e29b, org.springframework.security.web.authentication.AnonymousAuthenticationFilter@5c45adb2, org.springframework.security.web.session.SessionManagementFilter@7c6edd94, org.springframework.security.web.access.ExceptionTranslationFilter@132ae660, org.springframework.security.web.access.intercept.FilterSecurityInterceptor@1b8bc78c]
2024-05-26T17:25:03.583+02:00  INFO 15472 --- [           main] o.s.b.w.embedded.tomcat.TomcatWebServer  : Tomcat started on port 50067 (http) with context path ''
2024-05-26T17:25:03.583+02:00  INFO 15472 --- [           main] e.u.i.p.Practica3ApplicationTests        : Started Practica3ApplicationTests in 0.836 seconds (process running for 20.453)
2024-05-26T17:25:03.615+02:00  INFO 15472 --- [o-auto-3-exec-1] o.a.c.c.C.[Tomcat].[localhost].[/]       : Initializing Spring DispatcherServlet 'dispatcherServlet'
2024-05-26T17:25:03.615+02:00  INFO 15472 --- [o-auto-3-exec-1] o.s.web.servlet.DispatcherServlet        : Initializing Servlet 'dispatcherServlet'
2024-05-26T17:25:03.626+02:00  INFO 15472 --- [o-auto-3-exec-1] o.s.web.servlet.DispatcherServlet        : Completed initialization in 11 ms
2024-05-26T17:25:03.628+02:00  INFO 15472 --- [o-auto-3-exec-1] e.u.i.p.security.JwtRequestFilter        : usuario = 1
2024-05-26T17:25:03.667+02:00  INFO 15472 --- [           main] j.LocalContainerEntityManagerFactoryBean : Closing JPA EntityManagerFactory for persistence unit 'default'
2024-05-26T17:25:03.667+02:00  INFO 15472 --- [           main] com.zaxxer.hikari.HikariDataSource       : HikariPool-3 - Shutdown initiated...
2024-05-26T17:25:03.673+02:00  INFO 15472 --- [           main] com.zaxxer.hikari.HikariDataSource       : HikariPool-3 - Shutdown completed.
]]></system-out>
  </testcase>
</testsuite>