<?xml version="1.0" encoding="UTF-8" standalone="yes"?><!DOCTYPE report PUBLIC "-//JACOCO//DTD Report 1.1//EN" "report.dtd"><report name="practica3"><sessioninfo id="LAPTOP-JRS7TG7B-c3140d2f" start="1715196044525" dump="1715196055229"/><sessioninfo id="LAPTOP-JRS7TG7B-2b72a1cb" start="1715196174838" dump="1715196184175"/><sessioninfo id="LAPTOP-JRS7TG7B-7da89d9a" start="1715196275355" dump="1715196284692"/><sessioninfo id="LAPTOP-JRS7TG7B-be91fd83" start="1715196398544" dump="1715196407971"/><sessioninfo id="LAPTOP-JRS7TG7B-d18f8b90" start="1715196510153" dump="1715196519400"/><sessioninfo id="LAPTOP-JRS7TG7B-be057b00" start="1715197447116" dump="1715197458328"/><sessioninfo id="LAPTOP-JRS7TG7B-bbf3887c" start="1715197612590" dump="1715197623737"/><sessioninfo id="LAPTOP-JRS7TG7B-57fcf7ac" start="1715198061691" dump="1715198072973"/><sessioninfo id="LAPTOP-JRS7TG7B-1539c553" start="1715198145294" dump="1715198157142"/><sessioninfo id="LAPTOP-JRS7TG7B-2e45f7f6" start="1715198664089" dump="1715198676396"/><package name="es/uma/informatica/practica3/repositories"><class name="es/uma/informatica/practica3/repositories/DietaRepository" sourcefilename="DietaRepository.java"/><sourcefile name="DietaRepository.java"/></package><package name="es/uma/informatica/practica3/dtos"><class name="es/uma/informatica/practica3/dtos/DietaNuevaDTO$DietaNuevaDTOBuilder" sourcefilename="DietaNuevaDTO.java"><method name="&lt;init&gt;" desc="()V" line="10"><counter type="INSTRUCTION" missed="0" covered="3"/><counter type="LINE" missed="0" covered="1"/><counter type="COMPLEXITY" missed="0" covered="1"/><counter type="METHOD" missed="0" covered="1"/></method><method name="nombre" desc="(Ljava/lang/String;)Les/uma/informatica/practica3/dtos/DietaNuevaDTO$DietaNuevaDTOBuilder;" line="10"><counter type="INSTRUCTION" missed="0" covered="5"/><counter type="LINE" missed="0" covered="1"/><counter type="COMPLEXITY" missed="0" covered="1"/><counter type="METHOD" missed="0" covered="1"/></method><method name="descripcion" desc="(Ljava/lang/String;)Les/uma/informatica/practica3/dtos/DietaNuevaDTO$DietaNuevaDTOBuilder;" line="10"><counter type="INSTRUCTION" missed="0" covered="5"/><counter type="LINE" missed="0" covered="1"/><counter type="COMPLEXITY" missed="0" covered="1"/><counter type="METHOD" missed="0" covered="1"/></method><method name="observaciones" desc="(Ljava/lang/String;)Les/uma/informatica/practica3/dtos/DietaNuevaDTO$DietaNuevaDTOBuilder;" line="10"><counter type="INSTRUCTION" missed="0" covered="5"/><counter type="LINE" missed="0" covered="1"/><counter type="COMPLEXITY" missed="0" covered="1"/><counter type="METHOD" missed="0" covered="1"/></method><method name="objetivo" desc="(Ljava/lang/String;)Les/uma/informatica/practica3/dtos/DietaNuevaDTO$DietaNuevaDTOBuilder;" line="10"><counter type="INSTRUCTION" missed="0" covered="5"/><counter type="LINE" missed="0" covered="1"/><counter type="COMPLEXITY" missed="0" covered="1"/><counter type="METHOD" missed="0" covered="1"/></method><method name="duracionDias" desc="(Ljava/lang/Integer;)Les/uma/informatica/practica3/dtos/DietaNuevaDTO$DietaNuevaDTOBuilder;" line="10"><counter type="INSTRUCTION" missed="5" covered="0"/><counter type="LINE" missed="1" covered="0"/><counter type="COMPLEXITY" missed="1" covered="0"/><counter type="METHOD" missed="1" covered="0"/></method><method name="alimentos" desc="(Ljava/util/List;)Les/uma/informatica/practica3/dtos/DietaNuevaDTO$DietaNuevaDTOBuilder;" line="10"><counter type="INSTRUCTION" missed="0" covered="5"/><counter type="LINE" missed="0" covered="1"/><counter type="COMPLEXITY" missed="0" covered="1"/><counter type="METHOD" missed="0" covered="1"/></method><method name="recomendaciones" desc="(Ljava/lang/String;)Les/uma/informatica/practica3/dtos/DietaNuevaDTO$DietaNuevaDTOBuilder;" line="10"><counter type="INSTRUCTION" missed="0" covered="5"/><counter type="LINE" missed="0" covered="1"/><counter type="COMPLEXITY" missed="0" covered="1"/><counter type="METHOD" missed="0" covered="1"/></method><method name="build" desc="()Les/uma/informatica/practica3/dtos/DietaNuevaDTO;" line="10"><counter type="INSTRUCTION" missed="0" covered="18"/><counter type="LINE" missed="0" covered="1"/><counter type="COMPLEXITY" missed="0" covered="1"/><counter type="METHOD" missed="0" covered="1"/></method><method name="toString" desc="()Ljava/lang/String;" line="10"><counter type="INSTRUCTION" missed="17" covered="0"/><counter type="LINE" missed="1" covered="0"/><counter type="COMPLEXITY" missed="1" covered="0"/><counter type="METHOD" missed="1" covered="0"/></method><counter type="INSTRUCTION" missed="22" covered="51"/><counter type="LINE" missed="0" covered="1"/><counter type="COMPLEXITY" missed="2" covered="8"/><counter type="METHOD" missed="2" covered="8"/><counter type="CLASS" missed="0" covered="1"/></class><class name="es/uma/informatica/practica3/dtos/DietaDTO$DietaDTOBuilder" sourcefilename="DietaDTO.java"><method name="&lt;init&gt;" desc="()V" line="9"><counter type="INSTRUCTION" missed="3" covered="0"/><counter type="LINE" missed="1" covered="0"/><counter type="COMPLEXITY" missed="1" covered="0"/><counter type="METHOD" missed="1" covered="0"/></method><method name="id" desc="(Ljava/lang/Long;)Les/uma/informatica/practica3/dtos/DietaDTO$DietaDTOBuilder;" line="9"><counter type="INSTRUCTION" missed="5" covered="0"/><counter type="LINE" missed="1" covered="0"/><counter type="COMPLEXITY" missed="1" covered="0"/><counter type="METHOD" missed="1" covered="0"/></method><method name="build" desc="()Les/uma/informatica/practica3/dtos/DietaDTO;" line="9"><counter type="INSTRUCTION" missed="6" covered="0"/><counter type="LINE" missed="1" covered="0"/><counter type="COMPLEXITY" missed="1" covered="0"/><counter type="METHOD" missed="1" covered="0"/></method><method name="toString" desc="()Ljava/lang/String;" line="9"><counter type="INSTRUCTION" missed="4" covered="0"/><counter type="LINE" missed="1" covered="0"/><counter type="COMPLEXITY" missed="1" covered="0"/><counter type="METHOD" missed="1" covered="0"/></method><counter type="INSTRUCTION" missed="18" covered="0"/><counter type="LINE" missed="1" covered="0"/><counter type="COMPLEXITY" missed="4" covered="0"/><counter type="METHOD" missed="4" covered="0"/><counter type="CLASS" missed="1" covered="0"/></class><class name="es/uma/informatica/practica3/dtos/DietaDTO" sourcefilename="DietaDTO.java"><method name="builder" desc="()Les/uma/informatica/practica3/dtos/DietaDTO$DietaDTOBuilder;" line="9"><counter type="INSTRUCTION" missed="4" covered="0"/><counter type="LINE" missed="1" covered="0"/><counter type="COMPLEXITY" missed="1" covered="0"/><counter type="METHOD" missed="1" covered="0"/></method><method name="getId" desc="()Ljava/lang/Long;" line="12"><counter type="INSTRUCTION" missed="3" covered="0"/><counter type="LINE" missed="1" covered="0"/><counter type="COMPLEXITY" missed="1" covered="0"/><counter type="METHOD" missed="1" covered="0"/></method><method name="setId" desc="(Ljava/lang/Long;)V" line="6"><counter type="INSTRUCTION" missed="4" covered="0"/><counter type="LINE" missed="1" covered="0"/><counter type="COMPLEXITY" missed="1" covered="0"/><counter type="METHOD" missed="1" covered="0"/></method><method name="&lt;init&gt;" desc="(Ljava/lang/Long;)V" line="7"><counter type="INSTRUCTION" missed="6" covered="0"/><counter type="LINE" missed="1" covered="0"/><counter type="COMPLEXITY" missed="1" covered="0"/><counter type="METHOD" missed="1" covered="0"/></method><method name="&lt;init&gt;" desc="()V" line="8"><counter type="INSTRUCTION" missed="0" covered="3"/><counter type="LINE" missed="0" covered="1"/><counter type="COMPLEXITY" missed="0" covered="1"/><counter type="METHOD" missed="0" covered="1"/></method><method name="toString" desc="()Ljava/lang/String;" line="10"><counter type="INSTRUCTION" missed="4" covered="0"/><counter type="LINE" missed="1" covered="0"/><counter type="COMPLEXITY" missed="1" covered="0"/><counter type="METHOD" missed="1" covered="0"/></method><counter type="INSTRUCTION" missed="21" covered="3"/><counter type="LINE" missed="5" covered="1"/><counter type="COMPLEXITY" missed="5" covered="1"/><counter type="METHOD" missed="5" covered="1"/><counter type="CLASS" missed="0" covered="1"/></class><class name="es/uma/informatica/practica3/dtos/DietaNuevaDTO" sourcefilename="DietaNuevaDTO.java"><method name="builder" desc="()Les/uma/informatica/practica3/dtos/DietaNuevaDTO$DietaNuevaDTOBuilder;" line="10"><counter type="INSTRUCTION" missed="0" covered="4"/><counter type="LINE" missed="0" covered="1"/><counter type="COMPLEXITY" missed="0" covered="1"/><counter type="METHOD" missed="0" covered="1"/></method><method name="getNombre" desc="()Ljava/lang/String;" line="14"><counter type="INSTRUCTION" missed="0" covered="3"/><counter type="LINE" missed="0" covered="1"/><counter type="COMPLEXITY" missed="0" covered="1"/><counter type="METHOD" missed="0" covered="1"/></method><method name="getDescripcion" desc="()Ljava/lang/String;" line="15"><counter type="INSTRUCTION" missed="0" covered="3"/><counter type="LINE" missed="0" covered="1"/><counter type="COMPLEXITY" missed="0" covered="1"/><counter type="METHOD" missed="0" covered="1"/></method><method name="getObservaciones" desc="()Ljava/lang/String;" line="16"><counter type="INSTRUCTION" missed="0" covered="3"/><counter type="LINE" missed="0" covered="1"/><counter type="COMPLEXITY" missed="0" covered="1"/><counter type="METHOD" missed="0" covered="1"/></method><method name="getObjetivo" desc="()Ljava/lang/String;" line="17"><counter type="INSTRUCTION" missed="0" covered="3"/><counter type="LINE" missed="0" covered="1"/><counter type="COMPLEXITY" missed="0" covered="1"/><counter type="METHOD" missed="0" covered="1"/></method><method name="getDuracionDias" desc="()Ljava/lang/Integer;" line="18"><counter type="INSTRUCTION" missed="0" covered="3"/><counter type="LINE" missed="0" covered="1"/><counter type="COMPLEXITY" missed="0" covered="1"/><counter type="METHOD" missed="0" covered="1"/></method><method name="getAlimentos" desc="()Ljava/util/List;" line="19"><counter type="INSTRUCTION" missed="0" covered="3"/><counter type="LINE" missed="0" covered="1"/><counter type="COMPLEXITY" missed="0" covered="1"/><counter type="METHOD" missed="0" covered="1"/></method><method name="getRecomendaciones" desc="()Ljava/lang/String;" line="20"><counter type="INSTRUCTION" missed="0" covered="3"/><counter type="LINE" missed="0" covered="1"/><counter type="COMPLEXITY" missed="0" covered="1"/><counter type="METHOD" missed="0" covered="1"/></method><method name="setNombre" desc="(Ljava/lang/String;)V" line="7"><counter type="INSTRUCTION" missed="4" covered="0"/><counter type="LINE" missed="1" covered="0"/><counter type="COMPLEXITY" missed="1" covered="0"/><counter type="METHOD" missed="1" covered="0"/></method><method name="setDescripcion" desc="(Ljava/lang/String;)V" line="7"><counter type="INSTRUCTION" missed="4" covered="0"/><counter type="LINE" missed="1" covered="0"/><counter type="COMPLEXITY" missed="1" covered="0"/><counter type="METHOD" missed="1" covered="0"/></method><method name="setObservaciones" desc="(Ljava/lang/String;)V" line="7"><counter type="INSTRUCTION" missed="4" covered="0"/><counter type="LINE" missed="1" covered="0"/><counter type="COMPLEXITY" missed="1" covered="0"/><counter type="METHOD" missed="1" covered="0"/></method><method name="setObjetivo" desc="(Ljava/lang/String;)V" line="7"><counter type="INSTRUCTION" missed="4" covered="0"/><counter type="LINE" missed="1" covered="0"/><counter type="COMPLEXITY" missed="1" covered="0"/><counter type="METHOD" missed="1" covered="0"/></method><method name="setDuracionDias" desc="(Ljava/lang/Integer;)V" line="7"><counter type="INSTRUCTION" missed="4" covered="0"/><counter type="LINE" missed="1" covered="0"/><counter type="COMPLEXITY" missed="1" covered="0"/><counter type="METHOD" missed="1" covered="0"/></method><method name="setAlimentos" desc="(Ljava/util/List;)V" line="7"><counter type="INSTRUCTION" missed="4" covered="0"/><counter type="LINE" missed="1" covered="0"/><counter type="COMPLEXITY" missed="1" covered="0"/><counter type="METHOD" missed="1" covered="0"/></method><method name="setRecomendaciones" desc="(Ljava/lang/String;)V" line="7"><counter type="INSTRUCTION" missed="4" covered="0"/><counter type="LINE" missed="1" covered="0"/><counter type="COMPLEXITY" missed="1" covered="0"/><counter type="METHOD" missed="1" covered="0"/></method><method name="&lt;init&gt;" desc="(Ljava/lang/String;Ljava/lang/String;Ljava/lang/String;Ljava/lang/String;Ljava/lang/Integer;Ljava/util/List;Ljava/lang/String;)V" line="8"><counter type="INSTRUCTION" missed="0" covered="24"/><counter type="LINE" missed="0" covered="1"/><counter type="COMPLEXITY" missed="0" covered="1"/><counter type="METHOD" missed="0" covered="1"/></method><method name="&lt;init&gt;" desc="()V" line="9"><counter type="INSTRUCTION" missed="3" covered="0"/><counter type="LINE" missed="1" covered="0"/><counter type="COMPLEXITY" missed="1" covered="0"/><counter type="METHOD" missed="1" covered="0"/></method><method name="equals" desc="(Ljava/lang/Object;)Z" line="11"><counter type="INSTRUCTION" missed="140" covered="0"/><counter type="BRANCH" missed="48" covered="0"/><counter type="LINE" missed="1" covered="0"/><counter type="COMPLEXITY" missed="25" covered="0"/><counter type="METHOD" missed="1" covered="0"/></method><method name="canEqual" desc="(Ljava/lang/Object;)Z" line="11"><counter type="INSTRUCTION" missed="3" covered="0"/><counter type="LINE" missed="1" covered="0"/><counter type="COMPLEXITY" missed="1" covered="0"/><counter type="METHOD" missed="1" covered="0"/></method><method name="hashCode" desc="()I" line="11"><counter type="INSTRUCTION" missed="104" covered="0"/><counter type="BRANCH" missed="14" covered="0"/><counter type="LINE" missed="1" covered="0"/><counter type="COMPLEXITY" missed="8" covered="0"/><counter type="METHOD" missed="1" covered="0"/></method><method name="toString" desc="()Ljava/lang/String;" line="12"><counter type="INSTRUCTION" missed="17" covered="0"/><counter type="LINE" missed="1" covered="0"/><counter type="COMPLEXITY" missed="1" covered="0"/><counter type="METHOD" missed="1" covered="0"/></method><counter type="INSTRUCTION" missed="295" covered="49"/><counter type="BRANCH" missed="62" covered="0"/><counter type="LINE" missed="4" covered="9"/><counter type="COMPLEXITY" missed="43" covered="9"/><counter type="METHOD" missed="12" covered="9"/><counter type="CLASS" missed="0" covered="1"/></class><sourcefile name="DietaDTO.java"><line nr="6" mi="4" ci="0" mb="0" cb="0"/><line nr="7" mi="6" ci="0" mb="0" cb="0"/><line nr="8" mi="0" ci="3" mb="0" cb="0"/><line nr="9" mi="22" ci="0" mb="0" cb="0"/><line nr="10" mi="4" ci="0" mb="0" cb="0"/><line nr="12" mi="3" ci="0" mb="0" cb="0"/><counter type="INSTRUCTION" missed="39" covered="3"/><counter type="LINE" missed="5" covered="1"/><counter type="COMPLEXITY" missed="9" covered="1"/><counter type="METHOD" missed="9" covered="1"/><counter type="CLASS" missed="1" covered="1"/></sourcefile><sourcefile name="DietaNuevaDTO.java"><line nr="7" mi="28" ci="0" mb="0" cb="0"/><line nr="8" mi="0" ci="24" mb="0" cb="0"/><line nr="9" mi="3" ci="0" mb="0" cb="0"/><line nr="10" mi="22" ci="55" mb="0" cb="0"/><line nr="11" mi="247" ci="0" mb="62" cb="0"/><line nr="12" mi="17" ci="0" mb="0" cb="0"/><line nr="14" mi="0" ci="3" mb="0" cb="0"/><line nr="15" mi="0" ci="3" mb="0" cb="0"/><line nr="16" mi="0" ci="3" mb="0" cb="0"/><line nr="17" mi="0" ci="3" mb="0" cb="0"/><line nr="18" mi="0" ci="3" mb="0" cb="0"/><line nr="19" mi="0" ci="3" mb="0" cb="0"/><line nr="20" mi="0" ci="3" mb="0" cb="0"/><counter type="INSTRUCTION" missed="317" covered="100"/><counter type="BRANCH" missed="62" covered="0"/><counter type="LINE" missed="4" covered="9"/><counter type="COMPLEXITY" missed="45" covered="17"/><counter type="METHOD" missed="14" covered="17"/><counter type="CLASS" missed="0" covered="2"/></sourcefile><counter type="INSTRUCTION" missed="356" covered="103"/><counter type="BRANCH" missed="62" covered="0"/><counter type="LINE" missed="9" covered="10"/><counter type="COMPLEXITY" missed="54" covered="18"/><counter type="METHOD" missed="23" covered="18"/><counter type="CLASS" missed="1" covered="3"/></package><package name="es/uma/informatica/practica3/entities"><class name="es/uma/informatica/practica3/entities/Dieta$DietaBuilder" sourcefilename="Dieta.java"><method name="&lt;init&gt;" desc="()V" line="15"><counter type="INSTRUCTION" missed="0" covered="3"/><counter type="LINE" missed="0" covered="1"/><counter type="COMPLEXITY" missed="0" covered="1"/><counter type="METHOD" missed="0" covered="1"/></method><method name="id" desc="(Ljava/lang/Long;)Les/uma/informatica/practica3/entities/Dieta$DietaBuilder;" line="15"><counter type="INSTRUCTION" missed="5" covered="0"/><counter type="LINE" missed="1" covered="0"/><counter type="COMPLEXITY" missed="1" covered="0"/><counter type="METHOD" missed="1" covered="0"/></method><method name="nombre" desc="(Ljava/lang/String;)Les/uma/informatica/practica3/entities/Dieta$DietaBuilder;" line="15"><counter type="INSTRUCTION" missed="0" covered="5"/><counter type="LINE" missed="0" covered="1"/><counter type="COMPLEXITY" missed="0" covered="1"/><counter type="METHOD" missed="0" covered="1"/></method><method name="descripcion" desc="(Ljava/lang/String;)Les/uma/informatica/practica3/entities/Dieta$DietaBuilder;" line="15"><counter type="INSTRUCTION" missed="0" covered="5"/><counter type="LINE" missed="0" covered="1"/><counter type="COMPLEXITY" missed="0" covered="1"/><counter type="METHOD" missed="0" covered="1"/></method><method name="observaciones" desc="(Ljava/lang/String;)Les/uma/informatica/practica3/entities/Dieta$DietaBuilder;" line="15"><counter type="INSTRUCTION" missed="0" covered="5"/><counter type="LINE" missed="0" covered="1"/><counter type="COMPLEXITY" missed="0" covered="1"/><counter type="METHOD" missed="0" covered="1"/></method><method name="objetivo" desc="(Ljava/lang/String;)Les/uma/informatica/practica3/entities/Dieta$DietaBuilder;" line="15"><counter type="INSTRUCTION" missed="0" covered="5"/><counter type="LINE" missed="0" covered="1"/><counter type="COMPLEXITY" missed="0" covered="1"/><counter type="METHOD" missed="0" covered="1"/></method><method name="duracionDias" desc="(Ljava/lang/Integer;)Les/uma/informatica/practica3/entities/Dieta$DietaBuilder;" line="15"><counter type="INSTRUCTION" missed="0" covered="5"/><counter type="LINE" missed="0" covered="1"/><counter type="COMPLEXITY" missed="0" covered="1"/><counter type="METHOD" missed="0" covered="1"/></method><method name="alimentos" desc="(Ljava/util/List;)Les/uma/informatica/practica3/entities/Dieta$DietaBuilder;" line="15"><counter type="INSTRUCTION" missed="0" covered="5"/><counter type="LINE" missed="0" covered="1"/><counter type="COMPLEXITY" missed="0" covered="1"/><counter type="METHOD" missed="0" covered="1"/></method><method name="recomendaciones" desc="(Ljava/lang/String;)Les/uma/informatica/practica3/entities/Dieta$DietaBuilder;" line="15"><counter type="INSTRUCTION" missed="0" covered="5"/><counter type="LINE" missed="0" covered="1"/><counter type="COMPLEXITY" missed="0" covered="1"/><counter type="METHOD" missed="0" covered="1"/></method><method name="idEntrenador" desc="(Ljava/lang/Long;)Les/uma/informatica/practica3/entities/Dieta$DietaBuilder;" line="15"><counter type="INSTRUCTION" missed="5" covered="0"/><counter type="LINE" missed="1" covered="0"/><counter type="COMPLEXITY" missed="1" covered="0"/><counter type="METHOD" missed="1" covered="0"/></method><method name="idClientes" desc="(Ljava/util/Set;)Les/uma/informatica/practica3/entities/Dieta$DietaBuilder;" line="15"><counter type="INSTRUCTION" missed="5" covered="0"/><counter type="LINE" missed="1" covered="0"/><counter type="COMPLEXITY" missed="1" covered="0"/><counter type="METHOD" missed="1" covered="0"/></method><method name="build" desc="()Les/uma/informatica/practica3/entities/Dieta;" line="15"><counter type="INSTRUCTION" missed="0" covered="24"/><counter type="LINE" missed="0" covered="1"/><counter type="COMPLEXITY" missed="0" covered="1"/><counter type="METHOD" missed="0" covered="1"/></method><method name="toString" desc="()Ljava/lang/String;" line="15"><counter type="INSTRUCTION" missed="24" covered="0"/><counter type="LINE" missed="1" covered="0"/><counter type="COMPLEXITY" missed="1" covered="0"/><counter type="METHOD" missed="1" covered="0"/></method><counter type="INSTRUCTION" missed="39" covered="62"/><counter type="LINE" missed="0" covered="1"/><counter type="COMPLEXITY" missed="4" covered="9"/><counter type="METHOD" missed="4" covered="9"/><counter type="CLASS" missed="0" covered="1"/></class><class name="es/uma/informatica/practica3/entities/Dieta" sourcefilename="Dieta.java"><method name="builder" desc="()Les/uma/informatica/practica3/entities/Dieta$DietaBuilder;" line="15"><counter type="INSTRUCTION" missed="0" covered="4"/><counter type="LINE" missed="0" covered="1"/><counter type="COMPLEXITY" missed="0" covered="1"/><counter type="METHOD" missed="0" covered="1"/></method><method name="getId" desc="()Ljava/lang/Long;" line="22"><counter type="INSTRUCTION" missed="3" covered="0"/><counter type="LINE" missed="1" covered="0"/><counter type="COMPLEXITY" missed="1" covered="0"/><counter type="METHOD" missed="1" covered="0"/></method><method name="getNombre" desc="()Ljava/lang/String;" line="23"><counter type="INSTRUCTION" missed="3" covered="0"/><counter type="LINE" missed="1" covered="0"/><counter type="COMPLEXITY" missed="1" covered="0"/><counter type="METHOD" missed="1" covered="0"/></method><method name="getDescripcion" desc="()Ljava/lang/String;" line="24"><counter type="INSTRUCTION" missed="3" covered="0"/><counter type="LINE" missed="1" covered="0"/><counter type="COMPLEXITY" missed="1" covered="0"/><counter type="METHOD" missed="1" covered="0"/></method><method name="getObservaciones" desc="()Ljava/lang/String;" line="25"><counter type="INSTRUCTION" missed="3" covered="0"/><counter type="LINE" missed="1" covered="0"/><counter type="COMPLEXITY" missed="1" covered="0"/><counter type="METHOD" missed="1" covered="0"/></method><method name="getObjetivo" desc="()Ljava/lang/String;" line="26"><counter type="INSTRUCTION" missed="3" covered="0"/><counter type="LINE" missed="1" covered="0"/><counter type="COMPLEXITY" missed="1" covered="0"/><counter type="METHOD" missed="1" covered="0"/></method><method name="getDuracionDias" desc="()Ljava/lang/Integer;" line="27"><counter type="INSTRUCTION" missed="3" covered="0"/><counter type="LINE" missed="1" covered="0"/><counter type="COMPLEXITY" missed="1" covered="0"/><counter type="METHOD" missed="1" covered="0"/></method><method name="getAlimentos" desc="()Ljava/util/List;" line="29"><counter type="INSTRUCTION" missed="3" covered="0"/><counter type="LINE" missed="1" covered="0"/><counter type="COMPLEXITY" missed="1" covered="0"/><counter type="METHOD" missed="1" covered="0"/></method><method name="getRecomendaciones" desc="()Ljava/lang/String;" line="30"><counter type="INSTRUCTION" missed="3" covered="0"/><counter type="LINE" missed="1" covered="0"/><counter type="COMPLEXITY" missed="1" covered="0"/><counter type="METHOD" missed="1" covered="0"/></method><method name="getIdEntrenador" desc="()Ljava/lang/Long;" line="31"><counter type="INSTRUCTION" missed="3" covered="0"/><counter type="LINE" missed="1" covered="0"/><counter type="COMPLEXITY" missed="1" covered="0"/><counter type="METHOD" missed="1" covered="0"/></method><method name="getIdClientes" desc="()Ljava/util/Set;" line="33"><counter type="INSTRUCTION" missed="3" covered="0"/><counter type="LINE" missed="1" covered="0"/><counter type="COMPLEXITY" missed="1" covered="0"/><counter type="METHOD" missed="1" covered="0"/></method><method name="setId" desc="(Ljava/lang/Long;)V" line="12"><counter type="INSTRUCTION" missed="4" covered="0"/><counter type="LINE" missed="1" covered="0"/><counter type="COMPLEXITY" missed="1" covered="0"/><counter type="METHOD" missed="1" covered="0"/></method><method name="setNombre" desc="(Ljava/lang/String;)V" line="12"><counter type="INSTRUCTION" missed="4" covered="0"/><counter type="LINE" missed="1" covered="0"/><counter type="COMPLEXITY" missed="1" covered="0"/><counter type="METHOD" missed="1" covered="0"/></method><method name="setDescripcion" desc="(Ljava/lang/String;)V" line="12"><counter type="INSTRUCTION" missed="4" covered="0"/><counter type="LINE" missed="1" covered="0"/><counter type="COMPLEXITY" missed="1" covered="0"/><counter type="METHOD" missed="1" covered="0"/></method><method name="setObservaciones" desc="(Ljava/lang/String;)V" line="12"><counter type="INSTRUCTION" missed="4" covered="0"/><counter type="LINE" missed="1" covered="0"/><counter type="COMPLEXITY" missed="1" covered="0"/><counter type="METHOD" missed="1" covered="0"/></method><method name="setObjetivo" desc="(Ljava/lang/String;)V" line="12"><counter type="INSTRUCTION" missed="4" covered="0"/><counter type="LINE" missed="1" covered="0"/><counter type="COMPLEXITY" missed="1" covered="0"/><counter type="METHOD" missed="1" covered="0"/></method><method name="setDuracionDias" desc="(Ljava/lang/Integer;)V" line="12"><counter type="INSTRUCTION" missed="4" covered="0"/><counter type="LINE" missed="1" covered="0"/><counter type="COMPLEXITY" missed="1" covered="0"/><counter type="METHOD" missed="1" covered="0"/></method><method name="setAlimentos" desc="(Ljava/util/List;)V" line="12"><counter type="INSTRUCTION" missed="4" covered="0"/><counter type="LINE" missed="1" covered="0"/><counter type="COMPLEXITY" missed="1" covered="0"/><counter type="METHOD" missed="1" covered="0"/></method><method name="setRecomendaciones" desc="(Ljava/lang/String;)V" line="12"><counter type="INSTRUCTION" missed="4" covered="0"/><counter type="LINE" missed="1" covered="0"/><counter type="COMPLEXITY" missed="1" covered="0"/><counter type="METHOD" missed="1" covered="0"/></method><method name="setIdEntrenador" desc="(Ljava/lang/Long;)V" line="12"><counter type="INSTRUCTION" missed="4" covered="0"/><counter type="LINE" missed="1" covered="0"/><counter type="COMPLEXITY" missed="1" covered="0"/><counter type="METHOD" missed="1" covered="0"/></method><method name="setIdClientes" desc="(Ljava/util/Set;)V" line="12"><counter type="INSTRUCTION" missed="4" covered="0"/><counter type="LINE" missed="1" covered="0"/><counter type="COMPLEXITY" missed="1" covered="0"/><counter type="METHOD" missed="1" covered="0"/></method><method name="&lt;init&gt;" desc="(Ljava/lang/Long;Ljava/lang/String;Ljava/lang/String;Ljava/lang/String;Ljava/lang/String;Ljava/lang/Integer;Ljava/util/List;Ljava/lang/String;Ljava/lang/Long;Ljava/util/Set;)V" line="13"><counter type="INSTRUCTION" missed="0" covered="33"/><counter type="LINE" missed="0" covered="1"/><counter type="COMPLEXITY" missed="0" covered="1"/><counter type="METHOD" missed="0" covered="1"/></method><method name="&lt;init&gt;" desc="()V" line="14"><counter type="INSTRUCTION" missed="0" covered="3"/><counter type="LINE" missed="0" covered="1"/><counter type="COMPLEXITY" missed="0" covered="1"/><counter type="METHOD" missed="0" covered="1"/></method><method name="equals" desc="(Ljava/lang/Object;)Z" line="16"><counter type="INSTRUCTION" missed="191" covered="0"/><counter type="BRANCH" missed="66" covered="0"/><counter type="LINE" missed="1" covered="0"/><counter type="COMPLEXITY" missed="34" covered="0"/><counter type="METHOD" missed="1" covered="0"/></method><method name="canEqual" desc="(Ljava/lang/Object;)Z" line="16"><counter type="INSTRUCTION" missed="3" covered="0"/><counter type="LINE" missed="1" covered="0"/><counter type="COMPLEXITY" missed="1" covered="0"/><counter type="METHOD" missed="1" covered="0"/></method><method name="hashCode" desc="()I" line="16"><counter type="INSTRUCTION" missed="146" covered="0"/><counter type="BRANCH" missed="20" covered="0"/><counter type="LINE" missed="1" covered="0"/><counter type="COMPLEXITY" missed="11" covered="0"/><counter type="METHOD" missed="1" covered="0"/></method><method name="toString" desc="()Ljava/lang/String;" line="17"><counter type="INSTRUCTION" missed="24" covered="0"/><counter type="LINE" missed="1" covered="0"/><counter type="COMPLEXITY" missed="1" covered="0"/><counter type="METHOD" missed="1" covered="0"/></method><counter type="INSTRUCTION" missed="434" covered="40"/><counter type="BRANCH" missed="86" covered="0"/><counter type="LINE" missed="13" covered="3"/><counter type="COMPLEXITY" missed="67" covered="3"/><counter type="METHOD" missed="24" covered="3"/><counter type="CLASS" missed="0" covered="1"/></class><sourcefile name="Dieta.java"><line nr="12" mi="40" ci="0" mb="0" cb="0"/><line nr="13" mi="0" ci="33" mb="0" cb="0"/><line nr="14" mi="0" ci="3" mb="0" cb="0"/><line nr="15" mi="39" ci="66" mb="0" cb="0"/><line nr="16" mi="340" ci="0" mb="86" cb="0"/><line nr="17" mi="24" ci="0" mb="0" cb="0"/><line nr="22" mi="3" ci="0" mb="0" cb="0"/><line nr="23" mi="3" ci="0" mb="0" cb="0"/><line nr="24" mi="3" ci="0" mb="0" cb="0"/><line nr="25" mi="3" ci="0" mb="0" cb="0"/><line nr="26" mi="3" ci="0" mb="0" cb="0"/><line nr="27" mi="3" ci="0" mb="0" cb="0"/><line nr="29" mi="3" ci="0" mb="0" cb="0"/><line nr="30" mi="3" ci="0" mb="0" cb="0"/><line nr="31" mi="3" ci="0" mb="0" cb="0"/><line nr="33" mi="3" ci="0" mb="0" cb="0"/><counter type="INSTRUCTION" missed="473" covered="102"/><counter type="BRANCH" missed="86" covered="0"/><counter type="LINE" missed="13" covered="3"/><counter type="COMPLEXITY" missed="71" covered="12"/><counter type="METHOD" missed="28" covered="12"/><counter type="CLASS" missed="0" covered="2"/></sourcefile><counter type="INSTRUCTION" missed="473" covered="102"/><counter type="BRANCH" missed="86" covered="0"/><counter type="LINE" missed="13" covered="3"/><counter type="COMPLEXITY" missed="71" covered="12"/><counter type="METHOD" missed="28" covered="12"/><counter type="CLASS" missed="0" covered="2"/></package><package name="es/uma/informatica/practica3/services"><class name="es/uma/informatica/practica3/services/DietaService" sourcefilename="DietaService.java"><method name="&lt;init&gt;" desc="(Les/uma/informatica/practica3/repositories/DietaRepository;)V" line="16"><counter type="INSTRUCTION" missed="0" covered="6"/><counter type="LINE" missed="0" covered="3"/><counter type="COMPLEXITY" missed="0" covered="1"/><counter type="METHOD" missed="0" covered="1"/></method><method name="dietasDeEntrenador" desc="(Ljava/lang/Long;)Ljava/util/List;" line="21"><counter type="INSTRUCTION" missed="5" covered="0"/><counter type="LINE" missed="1" covered="0"/><counter type="COMPLEXITY" missed="1" covered="0"/><counter type="METHOD" missed="1" covered="0"/></method><method name="dietasDeCliente" desc="(Ljava/lang/Long;)Ljava/util/List;" line="25"><counter type="INSTRUCTION" missed="5" covered="0"/><counter type="LINE" missed="1" covered="0"/><counter type="COMPLEXITY" missed="1" covered="0"/><counter type="METHOD" missed="1" covered="0"/></method><method name="crearActualizarDieta" desc="(Les/uma/informatica/practica3/entities/Dieta;)Les/uma/informatica/practica3/entities/Dieta;" line="29"><counter type="INSTRUCTION" missed="6" covered="0"/><counter type="LINE" missed="1" covered="0"/><counter type="COMPLEXITY" missed="1" covered="0"/><counter type="METHOD" missed="1" covered="0"/></method><method name="obtenerDieta" desc="(Ljava/lang/Long;)Ljava/util/Optional;" line="33"><counter type="INSTRUCTION" missed="0" covered="5"/><counter type="LINE" missed="0" covered="1"/><counter type="COMPLEXITY" missed="0" covered="1"/><counter type="METHOD" missed="0" covered="1"/></method><method name="eliminarDieta" desc="(Ljava/lang/Long;)V" line="37"><counter type="INSTRUCTION" missed="5" covered="0"/><counter type="LINE" missed="2" covered="0"/><counter type="COMPLEXITY" missed="1" covered="0"/><counter type="METHOD" missed="1" covered="0"/></method><method name="asignarDieta" desc="(Ljava/lang/Long;Ljava/lang/Long;)V" line="41"><counter type="INSTRUCTION" missed="14" covered="0"/><counter type="LINE" missed="4" covered="0"/><counter type="COMPLEXITY" missed="1" covered="0"/><counter type="METHOD" missed="1" covered="0"/></method><method name="lambda$asignarDieta$0" desc="(Ljava/lang/Long;Les/uma/informatica/practica3/entities/Dieta;)V" line="43"><counter type="INSTRUCTION" missed="11" covered="0"/><counter type="LINE" missed="3" covered="0"/><counter type="COMPLEXITY" missed="1" covered="0"/><counter type="METHOD" missed="1" covered="0"/></method><counter type="INSTRUCTION" missed="46" covered="11"/><counter type="LINE" missed="12" covered="4"/><counter type="COMPLEXITY" missed="6" covered="2"/><counter type="METHOD" missed="6" covered="2"/><counter type="CLASS" missed="0" covered="1"/></class><sourcefile name="DietaService.java"><line nr="16" mi="0" ci="2" mb="0" cb="0"/><line nr="17" mi="0" ci="3" mb="0" cb="0"/><line nr="18" mi="0" ci="1" mb="0" cb="0"/><line nr="21" mi="5" ci="0" mb="0" cb="0"/><line nr="25" mi="5" ci="0" mb="0" cb="0"/><line nr="29" mi="6" ci="0" mb="0" cb="0"/><line nr="33" mi="0" ci="5" mb="0" cb="0"/><line nr="37" mi="4" ci="0" mb="0" cb="0"/><line nr="38" mi="1" ci="0" mb="0" cb="0"/><line nr="41" mi="4" ci="0" mb="0" cb="0"/><line nr="42" mi="5" ci="0" mb="0" cb="0"/><line nr="43" mi="5" ci="0" mb="0" cb="0"/><line nr="44" mi="5" ci="0" mb="0" cb="0"/><line nr="45" mi="1" ci="0" mb="0" cb="0"/><line nr="46" mi="4" ci="0" mb="0" cb="0"/><line nr="47" mi="1" ci="0" mb="0" cb="0"/><counter type="INSTRUCTION" missed="46" covered="11"/><counter type="LINE" missed="12" covered="4"/><counter type="COMPLEXITY" missed="6" covered="2"/><counter type="METHOD" missed="6" covered="2"/><counter type="CLASS" missed="0" covered="1"/></sourcefile><counter type="INSTRUCTION" missed="46" covered="11"/><counter type="LINE" missed="12" covered="4"/><counter type="COMPLEXITY" missed="6" covered="2"/><counter type="METHOD" missed="6" covered="2"/><counter type="CLASS" missed="0" covered="1"/></package><package name="es/uma/informatica/practica3"><class name="es/uma/informatica/practica3/Practica3Application" sourcefilename="Practica3Application.java"><method name="&lt;init&gt;" desc="()V" line="7"><counter type="INSTRUCTION" missed="0" covered="3"/><counter type="LINE" missed="0" covered="1"/><counter type="COMPLEXITY" missed="0" covered="1"/><counter type="METHOD" missed="0" covered="1"/></method><method name="main" desc="([Ljava/lang/String;)V" line="10"><counter type="INSTRUCTION" missed="5" covered="0"/><counter type="LINE" missed="2" covered="0"/><counter type="COMPLEXITY" missed="1" covered="0"/><counter type="METHOD" missed="1" covered="0"/></method><counter type="INSTRUCTION" missed="5" covered="3"/><counter type="LINE" missed="2" covered="1"/><counter type="COMPLEXITY" missed="1" covered="1"/><counter type="METHOD" missed="1" covered="1"/><counter type="CLASS" missed="0" covered="1"/></class><sourcefile name="Practica3Application.java"><line nr="7" mi="0" ci="3" mb="0" cb="0"/><line nr="10" mi="4" ci="0" mb="0" cb="0"/><line nr="11" mi="1" ci="0" mb="0" cb="0"/><counter type="INSTRUCTION" missed="5" covered="3"/><counter type="LINE" missed="2" covered="1"/><counter type="COMPLEXITY" missed="1" covered="1"/><counter type="METHOD" missed="1" covered="1"/><counter type="CLASS" missed="0" covered="1"/></sourcefile><counter type="INSTRUCTION" missed="5" covered="3"/><counter type="LINE" missed="2" covered="1"/><counter type="COMPLEXITY" missed="1" covered="1"/><counter type="METHOD" missed="1" covered="1"/><counter type="CLASS" missed="0" covered="1"/></package><package name="es/uma/informatica/practica3/exceptions"><class name="es/uma/informatica/practica3/exceptions/DietaNoExisteException" sourcefilename="DietaNoExisteException.java"><method name="&lt;init&gt;" desc="()V" line="4"><counter type="INSTRUCTION" missed="0" covered="3"/><counter type="LINE" missed="0" covered="2"/><counter type="COMPLEXITY" missed="0" covered="1"/><counter type="METHOD" missed="0" covered="1"/></method><counter type="INSTRUCTION" missed="0" covered="3"/><counter type="LINE" missed="0" covered="2"/><counter type="COMPLEXITY" missed="0" covered="1"/><counter type="METHOD" missed="0" covered="1"/><counter type="CLASS" missed="0" covered="1"/></class><sourcefile name="DietaNoExisteException.java"><line nr="4" mi="0" ci="2" mb="0" cb="0"/><line nr="5" mi="0" ci="1" mb="0" cb="0"/><counter type="INSTRUCTION" missed="0" covered="3"/><counter type="LINE" missed="0" covered="2"/><counter type="COMPLEXITY" missed="0" covered="1"/><counter type="METHOD" missed="0" covered="1"/><counter type="CLASS" missed="0" covered="1"/></sourcefile><counter type="INSTRUCTION" missed="0" covered="3"/><counter type="LINE" missed="0" covered="2"/><counter type="COMPLEXITY" missed="0" covered="1"/><counter type="METHOD" missed="0" covered="1"/><counter type="CLASS" missed="0" covered="1"/></package><package name="es/uma/informatica/practica3/controllers"><class name="es/uma/informatica/practica3/controllers/Mapper" sourcefilename="Mapper.java"><method name="&lt;init&gt;" desc="()V" line="7"><counter type="INSTRUCTION" missed="3" covered="0"/><counter type="LINE" missed="1" covered="0"/><counter type="COMPLEXITY" missed="1" covered="0"/><counter type="METHOD" missed="1" covered="0"/></method><method name="toDietaDTO" desc="(Les/uma/informatica/practica3/entities/Dieta;)Les/uma/informatica/practica3/dtos/DietaDTO;" line="9"><counter type="INSTRUCTION" missed="6" covered="0"/><counter type="LINE" missed="3" covered="0"/><counter type="COMPLEXITY" missed="1" covered="0"/><counter type="METHOD" missed="1" covered="0"/></method><method name="toDieta" desc="(Les/uma/informatica/practica3/dtos/DietaNuevaDTO;)Les/uma/informatica/practica3/entities/Dieta;" line="15"><counter type="INSTRUCTION" missed="0" covered="24"/><counter type="LINE" missed="0" covered="9"/><counter type="COMPLEXITY" missed="0" covered="1"/><counter type="METHOD" missed="0" covered="1"/></method><method name="toDieta2" desc="(Les/uma/informatica/practica3/dtos/DietaDTO;)Les/uma/informatica/practica3/entities/Dieta;" line="27"><counter type="INSTRUCTION" missed="6" covered="0"/><counter type="LINE" missed="3" covered="0"/><counter type="COMPLEXITY" missed="1" covered="0"/><counter type="METHOD" missed="1" covered="0"/></method><counter type="INSTRUCTION" missed="15" covered="24"/><counter type="LINE" missed="7" covered="9"/><counter type="COMPLEXITY" missed="3" covered="1"/><counter type="METHOD" missed="3" covered="1"/><counter type="CLASS" missed="0" covered="1"/></class><class name="es/uma/informatica/practica3/controllers/GestionDietas" sourcefilename="GestionDietas.java"><method name="&lt;init&gt;" desc="(Les/uma/informatica/practica3/services/DietaService;)V" line="32"><counter type="INSTRUCTION" missed="0" covered="6"/><counter type="LINE" missed="0" covered="3"/><counter type="COMPLEXITY" missed="0" covered="1"/><counter type="METHOD" missed="0" covered="1"/></method><method name="obtenerDietas" desc="(Ljava/lang/Long;Ljava/lang/Long;)Ljava/util/List;" line="38"><counter type="INSTRUCTION" missed="28" covered="11"/><counter type="BRANCH" missed="7" covered="3"/><counter type="LINE" missed="6" covered="3"/><counter type="COMPLEXITY" missed="5" covered="1"/><counter type="METHOD" missed="0" covered="1"/></method><method name="crearDieta" desc="(Ljava/lang/Long;Les/uma/informatica/practica3/dtos/DietaNuevaDTO;Lorg/springframework/web/util/UriComponentsBuilder;)Lorg/springframework/http/ResponseEntity;" line="56"><counter type="INSTRUCTION" missed="27" covered="0"/><counter type="LINE" missed="5" covered="0"/><counter type="COMPLEXITY" missed="1" covered="0"/><counter type="METHOD" missed="1" covered="0"/></method><method name="generadorUri" desc="(Lorg/springframework/web/util/UriComponents;)Ljava/util/function/Function;" line="64"><counter type="INSTRUCTION" missed="3" covered="0"/><counter type="LINE" missed="1" covered="0"/><counter type="COMPLEXITY" missed="1" covered="0"/><counter type="METHOD" missed="1" covered="0"/></method><method name="asociarDieta" desc="(Ljava/lang/Long;Les/uma/informatica/practica3/dtos/DietaDTO;)Lorg/springframework/http/ResponseEntity;" line="71"><counter type="INSTRUCTION" missed="15" covered="0"/><counter type="LINE" missed="2" covered="0"/><counter type="COMPLEXITY" missed="1" covered="0"/><counter type="METHOD" missed="1" covered="0"/></method><method name="getDieta" desc="(Ljava/lang/Long;)Lorg/springframework/http/ResponseEntity;" line="77"><counter type="INSTRUCTION" missed="0" covered="8"/><counter type="LINE" missed="0" covered="1"/><counter type="COMPLEXITY" missed="0" covered="1"/><counter type="METHOD" missed="0" covered="1"/></method><method name="actualizarDieta" desc="(Ljava/lang/Long;Les/uma/informatica/practica3/dtos/DietaDTO;)Les/uma/informatica/practica3/dtos/DietaDTO;" line="82"><counter type="INSTRUCTION" missed="19" covered="0"/><counter type="LINE" missed="4" covered="0"/><counter type="COMPLEXITY" missed="1" covered="0"/><counter type="METHOD" missed="1" covered="0"/></method><method name="eliminarDieta" desc="(Ljava/lang/Long;)V" line="92"><counter type="INSTRUCTION" missed="12" covered="0"/><counter type="LINE" missed="3" covered="0"/><counter type="COMPLEXITY" missed="1" covered="0"/><counter type="METHOD" missed="1" covered="0"/></method><method name="handleIllegalArgumentException" desc="()V" line="103"><counter type="INSTRUCTION" missed="0" covered="1"/><counter type="LINE" missed="0" covered="1"/><counter type="COMPLEXITY" missed="0" covered="1"/><counter type="METHOD" missed="0" covered="1"/></method><method name="handleDietaNoExisteException" desc="()V" line="110"><counter type="INSTRUCTION" missed="0" covered="1"/><counter type="LINE" missed="0" covered="1"/><counter type="COMPLEXITY" missed="0" covered="1"/><counter type="METHOD" missed="0" covered="1"/></method><method name="lambda$eliminarDieta$2" desc="()Les/uma/informatica/practica3/exceptions/DietaNoExisteException;" line="93"><counter type="INSTRUCTION" missed="4" covered="0"/><counter type="LINE" missed="1" covered="0"/><counter type="COMPLEXITY" missed="1" covered="0"/><counter type="METHOD" missed="1" covered="0"/></method><method name="lambda$actualizarDieta$1" desc="()Les/uma/informatica/practica3/exceptions/DietaNoExisteException;" line="83"><counter type="INSTRUCTION" missed="0" covered="4"/><counter type="LINE" missed="0" covered="1"/><counter type="COMPLEXITY" missed="0" covered="1"/><counter type="METHOD" missed="0" covered="1"/></method><method name="lambda$generadorUri$0" desc="(Lorg/springframework/web/util/UriComponents;Les/uma/informatica/practica3/entities/Dieta;)Ljava/net/URI;" line="65"><counter type="INSTRUCTION" missed="18" covered="0"/><counter type="LINE" missed="1" covered="0"/><counter type="COMPLEXITY" missed="1" covered="0"/><counter type="METHOD" missed="1" covered="0"/></method><counter type="INSTRUCTION" missed="126" covered="31"/><counter type="BRANCH" missed="7" covered="3"/><counter type="LINE" missed="23" covered="10"/><counter type="COMPLEXITY" missed="12" covered="6"/><counter type="METHOD" missed="7" covered="6"/><counter type="CLASS" missed="0" covered="1"/></class><sourcefile name="Mapper.java"><line nr="7" mi="3" ci="0" mb="0" cb="0"/><line nr="9" mi="3" ci="0" mb="0" cb="0"/><line nr="10" mi="2" ci="0" mb="0" cb="0"/><line nr="11" mi="1" ci="0" mb="0" cb="0"/><line nr="15" mi="0" ci="3" mb="0" cb="0"/><line nr="16" mi="0" ci="3" mb="0" cb="0"/><line nr="17" mi="0" ci="3" mb="0" cb="0"/><line nr="18" mi="0" ci="3" mb="0" cb="0"/><line nr="19" mi="0" ci="3" mb="0" cb="0"/><line nr="20" mi="0" ci="3" mb="0" cb="0"/><line nr="21" mi="0" ci="3" mb="0" cb="0"/><line nr="22" mi="0" ci="2" mb="0" cb="0"/><line nr="23" mi="0" ci="1" mb="0" cb="0"/><line nr="27" mi="3" ci="0" mb="0" cb="0"/><line nr="28" mi="2" ci="0" mb="0" cb="0"/><line nr="29" mi="1" ci="0" mb="0" cb="0"/><counter type="INSTRUCTION" missed="15" covered="24"/><counter type="LINE" missed="7" covered="9"/><counter type="COMPLEXITY" missed="3" covered="1"/><counter type="METHOD" missed="3" covered="1"/><counter type="CLASS" missed="0" covered="1"/></sourcefile><sourcefile name="GestionDietas.java"><line nr="32" mi="0" ci="2" mb="0" cb="0"/><line nr="33" mi="0" ci="3" mb="0" cb="0"/><line nr="34" mi="0" ci="1" mb="0" cb="0"/><line nr="38" mi="2" ci="2" mb="3" cb="1"/><line nr="39" mi="5" ci="0" mb="0" cb="0"/><line nr="40" mi="0" ci="4" mb="2" cb="2"/><line nr="41" mi="0" ci="5" mb="0" cb="0"/><line nr="43" mi="2" ci="0" mb="0" cb="0"/><line nr="44" mi="2" ci="0" mb="2" cb="0"/><line nr="45" mi="6" ci="0" mb="0" cb="0"/><line nr="47" mi="5" ci="0" mb="0" cb="0"/><line nr="50" mi="6" ci="0" mb="0" cb="0"/><line nr="56" mi="3" ci="0" mb="0" cb="0"/><line nr="57" mi="4" ci="0" mb="0" cb="0"/><line nr="58" mi="3" ci="0" mb="0" cb="0"/><line nr="59" mi="5" ci="0" mb="0" cb="0"/><line nr="60" mi="12" ci="0" mb="0" cb="0"/><line nr="64" mi="3" ci="0" mb="0" cb="0"/><line nr="65" mi="18" ci="0" mb="0" cb="0"/><line nr="71" mi="6" ci="0" mb="0" cb="0"/><line nr="72" mi="9" ci="0" mb="0" cb="0"/><line nr="77" mi="0" ci="8" mb="0" cb="0"/><line nr="82" mi="7" ci="0" mb="0" cb="0"/><line nr="83" mi="0" ci="4" mb="0" cb="0"/><line nr="85" mi="3" ci="0" mb="0" cb="0"/><line nr="86" mi="6" ci="0" mb="0" cb="0"/><line nr="87" mi="3" ci="0" mb="0" cb="0"/><line nr="92" mi="7" ci="0" mb="0" cb="0"/><line nr="93" mi="4" ci="0" mb="0" cb="0"/><line nr="95" mi="4" ci="0" mb="0" cb="0"/><line nr="96" mi="1" ci="0" mb="0" cb="0"/><line nr="103" mi="0" ci="1" mb="0" cb="0"/><line nr="110" mi="0" ci="1" mb="0" cb="0"/><counter type="INSTRUCTION" missed="126" covered="31"/><counter type="BRANCH" missed="7" covered="3"/><counter type="LINE" missed="23" covered="10"/><counter type="COMPLEXITY" missed="12" covered="6"/><counter type="METHOD" missed="7" covered="6"/><counter type="CLASS" missed="0" covered="1"/></sourcefile><counter type="INSTRUCTION" missed="141" covered="55"/><counter type="BRANCH" missed="7" covered="3"/><counter type="LINE" missed="30" covered="19"/><counter type="COMPLEXITY" missed="15" covered="7"/><counter type="METHOD" missed="10" covered="7"/><counter type="CLASS" missed="0" covered="2"/></package><counter type="INSTRUCTION" missed="1021" covered="277"/><counter type="BRANCH" missed="155" covered="3"/><counter type="LINE" missed="66" covered="39"/><counter type="COMPLEXITY" missed="147" covered="41"/><counter type="METHOD" missed="68" covered="41"/><counter type="CLASS" missed="1" covered="10"/></report>